gpasm-1.2.0 #980 (Oct 25 2013)       glcd.asm   12-10-2013  23:11:01        PAGE  1


LOC  OBJECT CODE     LINE SOURCE TEXT
  VALUE

                      00001 ;--------------------------------------------------------
                      00002 ; File Created by SDCC : free open source ANSI-C Compiler
                      00003 ; Version 3.3.0 #8604 (Oct 27 2013) (Mac OS X x86_64)
                      00004 ; This file was generated Tue Dec 10 23:11:01 2013
                      00005 ;--------------------------------------------------------
                      00006 ; PIC16 port for the Microchip 16-bit core micros
                      00007 ;--------------------------------------------------------
                      00008         list    p=18f4620
                      00009         radix   dec
                      00010 
                      00011 
                      00012 ;--------------------------------------------------------
                      00013 ; public variables in this module
                      00014 ;--------------------------------------------------------
  0000                00015         global  _lcd_buffer
  0000                00016         global  _lcd_init
  0000                00017         global  _lcd_enable
  0000                00018         global  _lcd_status
  0000                00019         global  _lcd_reset
  0000                00020         global  _lcd_screenon
  0000                00021         global  _lcd_cls
  0000                00022         global  _lcd_setpage
  0000                00023         global  _lcd_setyaddr
  0000                00024         global  _lcd_waitbusy
  0000                00025         global  _lcd_write
  0000                00026         global  _lcd_selectside
  0000                00027         global  _lcd_read
  0000                00028         global  _lcd_plot_pixel
                      00029 
                      00030 ;--------------------------------------------------------
                      00031 ; extern variables in this module
                      00032 ;--------------------------------------------------------
  0000                00033         extern  _PORTAbits
  0000                00034         extern  _PORTBbits
  0000                00035         extern  _PORTCbits
  0000                00036         extern  _PORTDbits
  0000                00037         extern  _PORTEbits
  0000                00038         extern  _LATAbits
  0000                00039         extern  _LATBbits
  0000                00040         extern  _LATCbits
  0000                00041         extern  _LATDbits
  0000                00042         extern  _LATEbits
  0000                00043         extern  _DDRAbits
  0000                00044         extern  _TRISAbits
  0000                00045         extern  _DDRBbits
  0000                00046         extern  _TRISBbits
  0000                00047         extern  _DDRCbits
  0000                00048         extern  _TRISCbits
  0000                00049         extern  _DDRDbits
  0000                00050         extern  _TRISDbits
  0000                00051         extern  _DDREbits
  0000                00052         extern  _TRISEbits
  0000                00053         extern  _OSCTUNEbits
gpasm-1.2.0 #980 (Oct 25 2013)       glcd.asm   12-10-2013  23:11:01        PAGE  2


LOC  OBJECT CODE     LINE SOURCE TEXT
  VALUE

  0000                00054         extern  _PIE1bits
  0000                00055         extern  _PIR1bits
  0000                00056         extern  _IPR1bits
  0000                00057         extern  _PIE2bits
  0000                00058         extern  _PIR2bits
  0000                00059         extern  _IPR2bits
  0000                00060         extern  _EECON1bits
  0000                00061         extern  _RCSTAbits
  0000                00062         extern  _TXSTAbits
  0000                00063         extern  _T3CONbits
  0000                00064         extern  _CMCONbits
  0000                00065         extern  _CVRCONbits
  0000                00066         extern  _ECCP1ASbits
  0000                00067         extern  _PWM1CONbits
  0000                00068         extern  _BAUDCONbits
  0000                00069         extern  _BAUDCTLbits
  0000                00070         extern  _CCP2CONbits
  0000                00071         extern  _CCP1CONbits
  0000                00072         extern  _ADCON2bits
  0000                00073         extern  _ADCON1bits
  0000                00074         extern  _ADCON0bits
  0000                00075         extern  _SSPCON2bits
  0000                00076         extern  _SSPCON1bits
  0000                00077         extern  _SSPSTATbits
  0000                00078         extern  _T2CONbits
  0000                00079         extern  _T1CONbits
  0000                00080         extern  _RCONbits
  0000                00081         extern  _WDTCONbits
  0000                00082         extern  _HLVDCONbits
  0000                00083         extern  _LVDCONbits
  0000                00084         extern  _OSCCONbits
  0000                00085         extern  _T0CONbits
  0000                00086         extern  _STATUSbits
  0000                00087         extern  _INTCON3bits
  0000                00088         extern  _INTCON2bits
  0000                00089         extern  _INTCONbits
  0000                00090         extern  _STKPTRbits
  0000                00091         extern  _PORTA
  0000                00092         extern  _PORTB
  0000                00093         extern  _PORTC
  0000                00094         extern  _PORTD
  0000                00095         extern  _PORTE
  0000                00096         extern  _LATA
  0000                00097         extern  _LATB
  0000                00098         extern  _LATC
  0000                00099         extern  _LATD
  0000                00100         extern  _LATE
  0000                00101         extern  _DDRA
  0000                00102         extern  _TRISA
  0000                00103         extern  _DDRB
  0000                00104         extern  _TRISB
  0000                00105         extern  _DDRC
  0000                00106         extern  _TRISC
gpasm-1.2.0 #980 (Oct 25 2013)       glcd.asm   12-10-2013  23:11:01        PAGE  3


LOC  OBJECT CODE     LINE SOURCE TEXT
  VALUE

  0000                00107         extern  _DDRD
  0000                00108         extern  _TRISD
  0000                00109         extern  _DDRE
  0000                00110         extern  _TRISE
  0000                00111         extern  _OSCTUNE
  0000                00112         extern  _PIE1
  0000                00113         extern  _PIR1
  0000                00114         extern  _IPR1
  0000                00115         extern  _PIE2
  0000                00116         extern  _PIR2
  0000                00117         extern  _IPR2
  0000                00118         extern  _EECON1
  0000                00119         extern  _EECON2
  0000                00120         extern  _EEDATA
  0000                00121         extern  _EEADR
  0000                00122         extern  _EEADRH
  0000                00123         extern  _RCSTA
  0000                00124         extern  _TXSTA
  0000                00125         extern  _TXREG
  0000                00126         extern  _RCREG
  0000                00127         extern  _SPBRG
  0000                00128         extern  _SPBRGH
  0000                00129         extern  _T3CON
  0000                00130         extern  _TMR3
  0000                00131         extern  _TMR3L
  0000                00132         extern  _TMR3H
  0000                00133         extern  _CMCON
  0000                00134         extern  _CVRCON
  0000                00135         extern  _ECCP1AS
  0000                00136         extern  _PWM1CON
  0000                00137         extern  _BAUDCON
  0000                00138         extern  _BAUDCTL
  0000                00139         extern  _CCP2CON
  0000                00140         extern  _CCPR2
  0000                00141         extern  _CCPR2L
  0000                00142         extern  _CCPR2H
  0000                00143         extern  _CCP1CON
  0000                00144         extern  _CCPR1
  0000                00145         extern  _CCPR1L
  0000                00146         extern  _CCPR1H
  0000                00147         extern  _ADCON2
  0000                00148         extern  _ADCON1
  0000                00149         extern  _ADCON0
  0000                00150         extern  _ADRES
  0000                00151         extern  _ADRESL
  0000                00152         extern  _ADRESH
  0000                00153         extern  _SSPCON2
  0000                00154         extern  _SSPCON1
  0000                00155         extern  _SSPSTAT
  0000                00156         extern  _SSPADD
  0000                00157         extern  _SSPBUF
  0000                00158         extern  _T2CON
  0000                00159         extern  _PR2
gpasm-1.2.0 #980 (Oct 25 2013)       glcd.asm   12-10-2013  23:11:01        PAGE  4


LOC  OBJECT CODE     LINE SOURCE TEXT
  VALUE

  0000                00160         extern  _TMR2
  0000                00161         extern  _T1CON
  0000                00162         extern  _TMR1
  0000                00163         extern  _TMR1L
  0000                00164         extern  _TMR1H
  0000                00165         extern  _RCON
  0000                00166         extern  _WDTCON
  0000                00167         extern  _HLVDCON
  0000                00168         extern  _LVDCON
  0000                00169         extern  _OSCCON
  0000                00170         extern  _T0CON
  0000                00171         extern  _TMR0
  0000                00172         extern  _TMR0L
  0000                00173         extern  _TMR0H
  0000                00174         extern  _STATUS
  0000                00175         extern  _FSR2L
  0000                00176         extern  _FSR2H
  0000                00177         extern  _PLUSW2
  0000                00178         extern  _PREINC2
  0000                00179         extern  _POSTDEC2
  0000                00180         extern  _POSTINC2
  0000                00181         extern  _INDF2
  0000                00182         extern  _BSR
  0000                00183         extern  _FSR1L
  0000                00184         extern  _FSR1H
  0000                00185         extern  _PLUSW1
  0000                00186         extern  _PREINC1
  0000                00187         extern  _POSTDEC1
  0000                00188         extern  _POSTINC1
  0000                00189         extern  _INDF1
  0000                00190         extern  _WREG
  0000                00191         extern  _FSR0L
  0000                00192         extern  _FSR0H
  0000                00193         extern  _PLUSW0
  0000                00194         extern  _PREINC0
  0000                00195         extern  _POSTDEC0
  0000                00196         extern  _POSTINC0
  0000                00197         extern  _INDF0
  0000                00198         extern  _INTCON3
  0000                00199         extern  _INTCON2
  0000                00200         extern  _INTCON
  0000                00201         extern  _PROD
  0000                00202         extern  _PRODL
  0000                00203         extern  _PRODH
  0000                00204         extern  _TABLAT
  0000                00205         extern  _TBLPTR
  0000                00206         extern  _TBLPTRL
  0000                00207         extern  _TBLPTRH
  0000                00208         extern  _TBLPTRU
  0000                00209         extern  _PC
  0000                00210         extern  _PCL
  0000                00211         extern  _PCLATH
  0000                00212         extern  _PCLATU
gpasm-1.2.0 #980 (Oct 25 2013)       glcd.asm   12-10-2013  23:11:01        PAGE  5


LOC  OBJECT CODE     LINE SOURCE TEXT
  VALUE

  0000                00213         extern  _STKPTR
  0000                00214         extern  _TOS
  0000                00215         extern  _TOSL
  0000                00216         extern  _TOSH
  0000                00217         extern  _TOSU
  0000                00218         extern  _sleep_ms
                      00219 
                      00220 ;--------------------------------------------------------
                      00221 ;       Equates to used internal registers
                      00222 ;--------------------------------------------------------
  00000FD8            00223 STATUS  equ     0xfd8
  00000FE8            00224 WREG    equ     0xfe8
  00000FE1            00225 FSR1L   equ     0xfe1
  00000FD9            00226 FSR2L   equ     0xfd9
  00000FE6            00227 POSTINC1        equ     0xfe6
  00000FE5            00228 POSTDEC1        equ     0xfe5
  00000FE4            00229 PREINC1 equ     0xfe4
  00000FDB            00230 PLUSW2  equ     0xfdb
                      00231 
                      00232 
                      00233 ; Internal registers
                      00234 .registers      udata_ovr       0x0000
000000                00235 r0x00   res     1
000001                00236 r0x01   res     1
000002                00237 r0x02   res     1
                      00238 
                      00239 udata_glcd_0    udata
000000                00240 _lcd_buffer     res     1
                      00241 
                      00242 ;--------------------------------------------------------
                      00243 ; global & static initialisations
                      00244 ;--------------------------------------------------------
                      00245 ; I code from now on!
                      00246 ; ; Starting pCode block
                      00247 S_glcd__lcd_plot_pixel  code
000000                00248 _lcd_plot_pixel:
                      00249 ;       .line   202; glcd.c     void lcd_plot_pixel(unsigned char rx, unsigned char ry) {
000000 CFD9 FFE5      00250         MOVFF   FSR2L, POSTDEC1
000004 CFE1 FFD9      00251         MOVFF   FSR1L, FSR2L
000008 C??? F???      00252         MOVFF   r0x00, POSTDEC1
00000C C??? F???      00253         MOVFF   r0x01, POSTDEC1
000010 C??? F???      00254         MOVFF   r0x02, POSTDEC1
000014 0E02           00255         MOVLW   0x02
000016 CFDB F000      00256         MOVFF   PLUSW2, r0x00
00001A 0E03           00257         MOVLW   0x03
00001C CFDB F000      00258         MOVFF   PLUSW2, r0x01
                      00259 ;       .line   207; glcd.c     if (rx & 64) {
000020 AC??           00260         BTFSS   r0x00, 6
000022 D???           00261         BRA     _00225_DS_
                      00262 ;       .line   208; glcd.c     lcd_selectside(LCD_RIGHT);
000024 0E02           00263         MOVLW   0x02
000026 6EE5           00264         MOVWF   POSTDEC1
000028 EC?? F0??      00265         CALL    _lcd_selectside
gpasm-1.2.0 #980 (Oct 25 2013)       glcd.asm   12-10-2013  23:11:01        PAGE  6


LOC  OBJECT CODE     LINE SOURCE TEXT
  VALUE

00002C 52E6           00266         MOVF    POSTINC1, F
00002E D???           00267         BRA     _00226_DS_
000030                00268 _00225_DS_:
                      00269 ;       .line   211; glcd.c     lcd_selectside(LCD_LEFT);
000030 0E01           00270         MOVLW   0x01
000032 6EE5           00271         MOVWF   POSTDEC1
000034 EC?? F0??      00272         CALL    _lcd_selectside
000038 52E6           00273         MOVF    POSTINC1, F
00003A                00274 _00226_DS_:
                      00275 ;       .line   214; glcd.c     lcd_setpage( ry >> 3);          // fast /8
00003A 38??           00276         SWAPF   r0x01, W
00003C 44E8           00277         RLNCF   WREG, W
00003E 0B1F           00278         ANDLW   0x1f
000040 6E??           00279         MOVWF   r0x02
000042 50??           00280         MOVF    r0x02, W
000044 6EE5           00281         MOVWF   POSTDEC1
000046 EC?? F0??      00282         CALL    _lcd_setpage
00004A 52E6           00283         MOVF    POSTINC1, F
                      00284 ;       .line   215; glcd.c     lcd_setyaddr( rx & 0b00111111);
00004C 0E3F           00285         MOVLW   0x3f
00004E 16??           00286         ANDWF   r0x00, F
000050 50??           00287         MOVF    r0x00, W
000052 6EE5           00288         MOVWF   POSTDEC1
000054 EC?? F0??      00289         CALL    _lcd_setyaddr
000058 52E6           00290         MOVF    POSTINC1, F
                      00291 ;       .line   216; glcd.c     d = lcd_read();                         // read to move data to GLCD buf
                            fer,
00005A EC?? F0??      00292         CALL    _lcd_read
                      00293 ;       .line   217; glcd.c     d = lcd_read();                         // read again to transfer to pic
00005E EC?? F0??      00294         CALL    _lcd_read
000062 6E??           00295         MOVWF   r0x02
                      00296 ;       .line   218; glcd.c     lcd_setyaddr( rx & 0b00111111); 
000064 50??           00297         MOVF    r0x00, W
000066 6EE5           00298         MOVWF   POSTDEC1
000068 EC?? F0??      00299         CALL    _lcd_setyaddr
00006C 52E6           00300         MOVF    POSTINC1, F
                      00301 ;       .line   219; glcd.c     lcd_write (d | (1 << (ry & 0b111)));
00006E 0E07           00302         MOVLW   0x07
000070 16??           00303         ANDWF   r0x01, F
000072 0E01           00304         MOVLW   0x01
000074 6E??           00305         MOVWF   r0x00
000076 50??           00306         MOVF    r0x01, W
000078 E0??           00307         BZ      _00235_DS_
00007A 6CE8           00308         NEGF    WREG
00007C 90D8           00309         BCF     STATUS, 0
00007E                00310 _00236_DS_:
00007E 36??           00311         RLCF    r0x00, F
000080 0F01           00312         ADDLW   0x01
000082 E3??           00313         BNC     _00236_DS_
000084                00314 _00235_DS_:
000084 50??           00315         MOVF    r0x00, W
000086 12??           00316         IORWF   r0x02, F
000088 50??           00317         MOVF    r0x02, W
gpasm-1.2.0 #980 (Oct 25 2013)       glcd.asm   12-10-2013  23:11:01        PAGE  7


LOC  OBJECT CODE     LINE SOURCE TEXT
  VALUE

00008A 6EE5           00318         MOVWF   POSTDEC1
00008C EC?? F0??      00319         CALL    _lcd_write
000090 52E6           00320         MOVF    POSTINC1, F
000092 CFE4 F000      00321         MOVFF   PREINC1, r0x02
000096 CFE4 F000      00322         MOVFF   PREINC1, r0x01
00009A CFE4 F000      00323         MOVFF   PREINC1, r0x00
00009E CFE4 FFD9      00324         MOVFF   PREINC1, FSR2L
0000A2 0012           00325         RETURN  
                      00326 
                      00327 ; ; Starting pCode block
                      00328 S_glcd__lcd_read        code
000000                00329 _lcd_read:
                      00330 ;       .line   187; glcd.c     unsigned char lcd_read (void) {
000000 CFD9 FFE5      00331         MOVFF   FSR2L, POSTDEC1
000004 CFE1 FFD9      00332         MOVFF   FSR1L, FSR2L
000008 C??? F???      00333         MOVFF   r0x00, POSTDEC1
                      00334 ;       .line   190; glcd.c     LCD_TRIS = 0xFF;
00000C 0EFF           00335         MOVLW   0xff
00000E 6E??           00336         MOVWF   _TRISD
                      00337 ;       .line   191; glcd.c     RW = 1; // read
000010 82??           00338         BSF     _PORTEbits, 1
                      00339 ;       .line   192; glcd.c     DI = 1; // data
000012 80??           00340         BSF     _PORTEbits, 0
                      00341 ;       .line   194; glcd.c     lcd_enable();
000014 EC?? F0??      00342         CALL    _lcd_enable
                      00343 ;       .line   195; glcd.c     d = LCD_DATA;
000018 C??? F???      00344         MOVFF   _PORTD, r0x00
                      00345 ;       .line   196; glcd.c     LCD_TRIS = 0x00;
00001C 6A??           00346         CLRF    _TRISD
                      00347 ;       .line   198; glcd.c     return d;
00001E 50??           00348         MOVF    r0x00, W
000020 CFE4 F000      00349         MOVFF   PREINC1, r0x00
000024 CFE4 FFD9      00350         MOVFF   PREINC1, FSR2L
000028 0012           00351         RETURN  
                      00352 
                      00353 ; ; Starting pCode block
                      00354 S_glcd__lcd_selectside  code
000000                00355 _lcd_selectside:
                      00356 ;       .line   166; glcd.c     void lcd_selectside(unsigned char sides) {
000000 CFD9 FFE5      00357         MOVFF   FSR2L, POSTDEC1
000004 CFE1 FFD9      00358         MOVFF   FSR1L, FSR2L
000008 C??? F???      00359         MOVFF   r0x00, POSTDEC1
00000C 0E02           00360         MOVLW   0x02
00000E CFDB F000      00361         MOVFF   PLUSW2, r0x00
                      00362 ;       .line   169; glcd.c     if (sides & LCD_LEFT) {
000012 A0??           00363         BTFSS   r0x00, 0
000014 D???           00364         BRA     _00200_DS_
                      00365 ;       .line   170; glcd.c     CS1 = 0;
000016 90??           00366         BCF     _PORTCbits, 0
000018 D???           00367         BRA     _00201_DS_
00001A                00368 _00200_DS_:
                      00369 ;       .line   173; glcd.c     CS1 = 1;
00001A 80??           00370         BSF     _PORTCbits, 0
gpasm-1.2.0 #980 (Oct 25 2013)       glcd.asm   12-10-2013  23:11:01        PAGE  8


LOC  OBJECT CODE     LINE SOURCE TEXT
  VALUE

00001C                00371 _00201_DS_:
                      00372 ;       .line   176; glcd.c     if (sides & LCD_RIGHT) {
00001C A2??           00373         BTFSS   r0x00, 1
00001E D???           00374         BRA     _00203_DS_
                      00375 ;       .line   177; glcd.c     CS2 = 0;
000020 92??           00376         BCF     _PORTCbits, 1
000022 D???           00377         BRA     _00205_DS_
000024                00378 _00203_DS_:
                      00379 ;       .line   180; glcd.c     CS2 = 1;
000024 82??           00380         BSF     _PORTCbits, 1
000026                00381 _00205_DS_:
000026 CFE4 F000      00382         MOVFF   PREINC1, r0x00
00002A CFE4 FFD9      00383         MOVFF   PREINC1, FSR2L
00002E 0012           00384         RETURN  
                      00385 
                      00386 ; ; Starting pCode block
                      00387 S_glcd__lcd_write       code
000000                00388 _lcd_write:
                      00389 ;       .line   156; glcd.c     void lcd_write (unsigned char d) {
000000 CFD9 FFE5      00390         MOVFF   FSR2L, POSTDEC1
000004 CFE1 FFD9      00391         MOVFF   FSR1L, FSR2L
000008 C??? F???      00392         MOVFF   r0x00, POSTDEC1
00000C 0E02           00393         MOVLW   0x02
00000E CFDB F000      00394         MOVFF   PLUSW2, r0x00
                      00395 ;       .line   157; glcd.c     lcd_waitbusy();
000012 EC?? F0??      00396         CALL    _lcd_waitbusy
                      00397 ;       .line   158; glcd.c     DI = 1; // data
000016 80??           00398         BSF     _PORTEbits, 0
                      00399 ;       .line   159; glcd.c     RW = 0; // write
000018 92??           00400         BCF     _PORTEbits, 1
                      00401 ;       .line   160; glcd.c     LCD_TRIS = 0; 
00001A 6A??           00402         CLRF    _TRISD
                      00403 ;       .line   161; glcd.c     LCD_DATA = d;
00001C C??? F???      00404         MOVFF   r0x00, _PORTD
                      00405 ;       .line   162; glcd.c     lcd_enable();
000020 EC?? F0??      00406         CALL    _lcd_enable
000024 CFE4 F000      00407         MOVFF   PREINC1, r0x00
000028 CFE4 FFD9      00408         MOVFF   PREINC1, FSR2L
00002C 0012           00409         RETURN  
                      00410 
                      00411 ; ; Starting pCode block
                      00412 S_glcd__lcd_waitbusy    code
000000                00413 _lcd_waitbusy:
                      00414 ;       .line   149; glcd.c     void lcd_waitbusy(void) {
000000 CFD9 FFE5      00415         MOVFF   FSR2L, POSTDEC1
000004 CFE1 FFD9      00416         MOVFF   FSR1L, FSR2L
000008 C??? F???      00417         MOVFF   r0x00, POSTDEC1
00000C                00418 _00178_DS_:
                      00419 ;       .line   150; glcd.c     while (lcd_status() & 0b10000000) {
00000C EC?? F0??      00420         CALL    _lcd_status
000010 6E??           00421         MOVWF   r0x00
000012 AE??           00422         BTFSS   r0x00, 7
000014 D???           00423         BRA     _00181_DS_
gpasm-1.2.0 #980 (Oct 25 2013)       glcd.asm   12-10-2013  23:11:01        PAGE  9


LOC  OBJECT CODE     LINE SOURCE TEXT
  VALUE

000016                00424 _00189_DS_:
000016 0000           00425         nop 
000018 0000           00426         nop 
00001A D???           00427         BRA     _00178_DS_
00001C                00428 _00181_DS_:
00001C CFE4 F000      00429         MOVFF   PREINC1, r0x00
000020 CFE4 FFD9      00430         MOVFF   PREINC1, FSR2L
000024 0012           00431         RETURN  
                      00432 
                      00433 ; ; Starting pCode block
                      00434 S_glcd__lcd_setyaddr    code
000000                00435 _lcd_setyaddr:
                      00436 ;       .line   138; glcd.c     void lcd_setyaddr(unsigned char y) {
000000 CFD9 FFE5      00437         MOVFF   FSR2L, POSTDEC1
000004 CFE1 FFD9      00438         MOVFF   FSR1L, FSR2L
000008 C??? F???      00439         MOVFF   r0x00, POSTDEC1
00000C 0E02           00440         MOVLW   0x02
00000E CFDB F000      00441         MOVFF   PLUSW2, r0x00
                      00442 ;       .line   140; glcd.c     lcd_waitbusy();
000012 EC?? F0??      00443         CALL    _lcd_waitbusy
                      00444 ;       .line   141; glcd.c     DI = 0; RW = 0;
000016 90??           00445         BCF     _PORTEbits, 0
000018 92??           00446         BCF     _PORTEbits, 1
                      00447 ;       .line   142; glcd.c     LCD_DATA = 0b01000000 | (y & 0b00111111);
00001A 0E3F           00448         MOVLW   0x3f
00001C 16??           00449         ANDWF   r0x00, F
00001E 0E40           00450         MOVLW   0x40
000020 10??           00451         IORWF   r0x00, W
000022 6E??           00452         MOVWF   _PORTD
                      00453 ;       .line   143; glcd.c     lcd_enable();
000024 EC?? F0??      00454         CALL    _lcd_enable
000028 CFE4 F000      00455         MOVFF   PREINC1, r0x00
00002C CFE4 FFD9      00456         MOVFF   PREINC1, FSR2L
000030 0012           00457         RETURN  
                      00458 
                      00459 ; ; Starting pCode block
                      00460 S_glcd__lcd_setpage     code
000000                00461 _lcd_setpage:
                      00462 ;       .line   126; glcd.c     void lcd_setpage(unsigned char page) {
000000 CFD9 FFE5      00463         MOVFF   FSR2L, POSTDEC1
000004 CFE1 FFD9      00464         MOVFF   FSR1L, FSR2L
000008 C??? F???      00465         MOVFF   r0x00, POSTDEC1
00000C 0E02           00466         MOVLW   0x02
00000E CFDB F000      00467         MOVFF   PLUSW2, r0x00
                      00468 ;       .line   128; glcd.c     lcd_waitbusy();
000012 EC?? F0??      00469         CALL    _lcd_waitbusy
                      00470 ;       .line   129; glcd.c     DI = 0; RW = 0; 
000016 90??           00471         BCF     _PORTEbits, 0
000018 92??           00472         BCF     _PORTEbits, 1
                      00473 ;       .line   130; glcd.c     LCD_DATA = 0b10111000 | page;
00001A 0EB8           00474         MOVLW   0xb8
00001C 10??           00475         IORWF   r0x00, W
00001E 6E??           00476         MOVWF   _PORTD
gpasm-1.2.0 #980 (Oct 25 2013)       glcd.asm   12-10-2013  23:11:01        PAGE 10


LOC  OBJECT CODE     LINE SOURCE TEXT
  VALUE

                      00477 ;       .line   131; glcd.c     lcd_enable();
000020 EC?? F0??      00478         CALL    _lcd_enable
000024 CFE4 F000      00479         MOVFF   PREINC1, r0x00
000028 CFE4 FFD9      00480         MOVFF   PREINC1, FSR2L
00002C 0012           00481         RETURN  
                      00482 
                      00483 ; ; Starting pCode block
                      00484 S_glcd__lcd_cls code
000000                00485 _lcd_cls:
                      00486 ;       .line   98; glcd.c      void lcd_cls(void) {
000000 CFD9 FFE5      00487         MOVFF   FSR2L, POSTDEC1
000004 CFE1 FFD9      00488         MOVFF   FSR1L, FSR2L
000008 C??? F???      00489         MOVFF   r0x00, POSTDEC1
00000C C??? F???      00490         MOVFF   r0x01, POSTDEC1
000010 C??? F???      00491         MOVFF   r0x02, POSTDEC1
                      00492 ;       .line   102; glcd.c     lcd_selectside(LCD_BOTH);
000014 0E03           00493         MOVLW   0x03
000016 6EE5           00494         MOVWF   POSTDEC1
000018 EC?? F0??      00495         CALL    _lcd_selectside
00001C 52E6           00496         MOVF    POSTINC1, F
                      00497 ;       .line   103; glcd.c     for (x = 0; x < 8; x++) {
00001E 6A??           00498         CLRF    r0x00
000020                00499 _00146_DS_:
                      00500 ;       .line   105; glcd.c     lcd_setpage(x);
000020 50??           00501         MOVF    r0x00, W
000022 6EE5           00502         MOVWF   POSTDEC1
000024 EC?? F0??      00503         CALL    _lcd_setpage
000028 52E6           00504         MOVF    POSTINC1, F
                      00505 ;       .line   108; glcd.c     lcd_setyaddr(0);
00002A 0E00           00506         MOVLW   0x00
00002C 6EE5           00507         MOVWF   POSTDEC1
00002E EC?? F0??      00508         CALL    _lcd_setyaddr
000032 52E6           00509         MOVF    POSTINC1, F
                      00510 ;       .line   111; glcd.c     LCD_DATA = 0; RW = 0; DI = 1;
000034 6A??           00511         CLRF    _PORTD
000036 92??           00512         BCF     _PORTEbits, 1
000038 80??           00513         BSF     _PORTEbits, 0
                      00514 ;       .line   114; glcd.c     for (y = 0; y < 64; y++) {
00003A 0E40           00515         MOVLW   0x40
00003C 6E??           00516         MOVWF   r0x01
00003E                00517 _00145_DS_:
                      00518 ;       .line   115; glcd.c     lcd_enable(); 
00003E EC?? F0??      00519         CALL    _lcd_enable
000042 0000           00520         nop 
000044 0000           00521         nop 
000046 50??           00522         MOVF    r0x01, W
000048 6E??           00523         MOVWF   r0x02
00004A 04??           00524         DECF    r0x02, W
00004C 6E??           00525         MOVWF   r0x01
                      00526 ;       .line   114; glcd.c     for (y = 0; y < 64; y++) {
00004E 50??           00527         MOVF    r0x01, W
000050 E1??           00528         BNZ     _00145_DS_
                      00529 ;       .line   103; glcd.c     for (x = 0; x < 8; x++) {
gpasm-1.2.0 #980 (Oct 25 2013)       glcd.asm   12-10-2013  23:11:01        PAGE 11


LOC  OBJECT CODE     LINE SOURCE TEXT
  VALUE

000052 2A??           00530         INCF    r0x00, F
000054 0E08           00531         MOVLW   0x08
000056 5C??           00532         SUBWF   r0x00, W
000058 E3??           00533         BNC     _00146_DS_
                      00534 ;       .line   121; glcd.c     lcd_selectside(LCD_LEFT);
00005A 0E01           00535         MOVLW   0x01
00005C 6EE5           00536         MOVWF   POSTDEC1
00005E EC?? F0??      00537         CALL    _lcd_selectside
000062 52E6           00538         MOVF    POSTINC1, F
000064 CFE4 F000      00539         MOVFF   PREINC1, r0x02
000068 CFE4 F000      00540         MOVFF   PREINC1, r0x01
00006C CFE4 F000      00541         MOVFF   PREINC1, r0x00
000070 CFE4 FFD9      00542         MOVFF   PREINC1, FSR2L
000074 0012           00543         RETURN  
                      00544 
                      00545 ; ; Starting pCode block
                      00546 S_glcd__lcd_screenon    code
000000                00547 _lcd_screenon:
                      00548 ;       .line   86; glcd.c      void lcd_screenon(unsigned char on) {
000000 CFD9 FFE5      00549         MOVFF   FSR2L, POSTDEC1
000004 CFE1 FFD9      00550         MOVFF   FSR1L, FSR2L
000008 C??? F???      00551         MOVFF   r0x00, POSTDEC1
00000C 0E02           00552         MOVLW   0x02
00000E CFDB F000      00553         MOVFF   PLUSW2, r0x00
                      00554 ;       .line   88; glcd.c      CS1 = 0;
000012 90??           00555         BCF     _PORTCbits, 0
                      00556 ;       .line   89; glcd.c      CS2 = 0;
000014 92??           00557         BCF     _PORTCbits, 1
                      00558 ;       .line   90; glcd.c      RW = 0;
000016 92??           00559         BCF     _PORTEbits, 1
                      00560 ;       .line   91; glcd.c      DI = 0;
000018 90??           00561         BCF     _PORTEbits, 0
                      00562 ;       .line   92; glcd.c      LCD_TRIS = 0;   // all outputs  
00001A 6A??           00563         CLRF    _TRISD
                      00564 ;       .line   93; glcd.c      LATD = 0b00111110 | (on & 0b00000001);  // main screen turn on!
00001C 0E01           00565         MOVLW   0x01
00001E 16??           00566         ANDWF   r0x00, F
000020 0E3E           00567         MOVLW   0x3e
000022 10??           00568         IORWF   r0x00, W
000024 6E??           00569         MOVWF   _LATD
                      00570 ;       .line   94; glcd.c      lcd_enable();
000026 EC?? F0??      00571         CALL    _lcd_enable
00002A CFE4 F000      00572         MOVFF   PREINC1, r0x00
00002E CFE4 FFD9      00573         MOVFF   PREINC1, FSR2L
000032 0012           00574         RETURN  
                      00575 
                      00576 ; ; Starting pCode block
                      00577 S_glcd__lcd_reset       code
000000                00578 _lcd_reset:
                      00579 ;       .line   67; glcd.c      void lcd_reset(void) {
000000 CFD9 FFE5      00580         MOVFF   FSR2L, POSTDEC1
000004 CFE1 FFD9      00581         MOVFF   FSR1L, FSR2L
000008 C??? F???      00582         MOVFF   r0x00, POSTDEC1
gpasm-1.2.0 #980 (Oct 25 2013)       glcd.asm   12-10-2013  23:11:01        PAGE 12


LOC  OBJECT CODE     LINE SOURCE TEXT
  VALUE

                      00583 ;       .line   74; glcd.c      sleep_ms(1);
00000C 0E00           00584         MOVLW   0x00
00000E 6EE5           00585         MOVWF   POSTDEC1
000010 0E00           00586         MOVLW   0x00
000012 6EE5           00587         MOVWF   POSTDEC1
000014 0E00           00588         MOVLW   0x00
000016 6EE5           00589         MOVWF   POSTDEC1
000018 0E01           00590         MOVLW   0x01
00001A 6EE5           00591         MOVWF   POSTDEC1
00001C EC?? F0??      00592         CALL    _sleep_ms
000020 0E04           00593         MOVLW   0x04
000022 26E1           00594         ADDWF   FSR1L, F
                      00595 ;       .line   75; glcd.c      RESET = 1;
000024 8A??           00596         BSF     _PORTCbits, 5
                      00597 ;       .line   76; glcd.c      sleep_ms(1);
000026 0E00           00598         MOVLW   0x00
000028 6EE5           00599         MOVWF   POSTDEC1
00002A 0E00           00600         MOVLW   0x00
00002C 6EE5           00601         MOVWF   POSTDEC1
00002E 0E00           00602         MOVLW   0x00
000030 6EE5           00603         MOVWF   POSTDEC1
000032 0E01           00604         MOVLW   0x01
000034 6EE5           00605         MOVWF   POSTDEC1
000036 EC?? F0??      00606         CALL    _sleep_ms
00003A 0E04           00607         MOVLW   0x04
00003C 26E1           00608         ADDWF   FSR1L, F
                      00609 ;       .line   77; glcd.c      RESET = 0;
00003E 9A??           00610         BCF     _PORTCbits, 5
000040                00611 _00120_DS_:
                      00612 ;       .line   80; glcd.c      while (lcd_status() & 0b00010000) {
000040 EC?? F0??      00613         CALL    _lcd_status
000044 6E??           00614         MOVWF   r0x00
000046 A8??           00615         BTFSS   r0x00, 4
000048 D???           00616         BRA     _00123_DS_
                      00617 ;       .line   81; glcd.c      sleep_ms(1);
00004A 0E00           00618         MOVLW   0x00
00004C 6EE5           00619         MOVWF   POSTDEC1
00004E 0E00           00620         MOVLW   0x00
000050 6EE5           00621         MOVWF   POSTDEC1
000052 0E00           00622         MOVLW   0x00
000054 6EE5           00623         MOVWF   POSTDEC1
000056 0E01           00624         MOVLW   0x01
000058 6EE5           00625         MOVWF   POSTDEC1
00005A EC?? F0??      00626         CALL    _sleep_ms
00005E 0E04           00627         MOVLW   0x04
000060 26E1           00628         ADDWF   FSR1L, F
000062 D???           00629         BRA     _00120_DS_
000064                00630 _00123_DS_:
000064 CFE4 F000      00631         MOVFF   PREINC1, r0x00
000068 CFE4 FFD9      00632         MOVFF   PREINC1, FSR2L
00006C 0012           00633         RETURN  
                      00634 
                      00635 ; ; Starting pCode block
gpasm-1.2.0 #980 (Oct 25 2013)       glcd.asm   12-10-2013  23:11:01        PAGE 13


LOC  OBJECT CODE     LINE SOURCE TEXT
  VALUE

                      00636 S_glcd__lcd_status      code
000000                00637 _lcd_status:
                      00638 ;       .line   44; glcd.c      unsigned char lcd_status(void) {
000000 CFD9 FFE5      00639         MOVFF   FSR2L, POSTDEC1
000004 CFE1 FFD9      00640         MOVFF   FSR1L, FSR2L
000008 C??? F???      00641         MOVFF   r0x00, POSTDEC1
00000C C??? F???      00642         MOVFF   r0x01, POSTDEC1
                      00643 ;       .line   51; glcd.c      _lcd_tris = LCD_TRIS;
000010 C??? F???      00644         MOVFF   _TRISD, r0x00
                      00645 ;       .line   54; glcd.c      LCD_TRIS = 0xFF;        // all inputs
000014 0EFF           00646         MOVLW   0xff
000016 6E??           00647         MOVWF   _TRISD
                      00648 ;       .line   55; glcd.c      DI = 0; RW = 1;         // command/read
000018 90??           00649         BCF     _PORTEbits, 0
00001A 82??           00650         BSF     _PORTEbits, 1
                      00651 ;       .line   57; glcd.c      lcd_enable();
00001C EC?? F0??      00652         CALL    _lcd_enable
                      00653 ;       .line   58; glcd.c      _status = LCD_DATA;
000020 C??? F???      00654         MOVFF   _PORTD, r0x01
                      00655 ;       .line   61; glcd.c      LCD_TRIS = _lcd_tris;
000024 C??? F???      00656         MOVFF   r0x00, _TRISD
                      00657 ;       .line   63; glcd.c      return _status;
000028 50??           00658         MOVF    r0x01, W
00002A CFE4 F000      00659         MOVFF   PREINC1, r0x01
00002E CFE4 F000      00660         MOVFF   PREINC1, r0x00
000032 CFE4 FFD9      00661         MOVFF   PREINC1, FSR2L
000036 0012           00662         RETURN  
                      00663 
                      00664 ; ; Starting pCode block
                      00665 S_glcd__lcd_enable      code
000000                00666 _lcd_enable:
                      00667 ;       .line   36; glcd.c      void lcd_enable(void) {
000000 CFD9 FFE5      00668         MOVFF   FSR2L, POSTDEC1
000004 CFE1 FFD9      00669         MOVFF   FSR1L, FSR2L
                      00670 ;       .line   37; glcd.c      ENABLE = 1;
000008 84??           00671         BSF     _PORTEbits, 2
00000A 0000           00672         nop 
00000C 0000           00673         nop 
                      00674 ;       .line   39; glcd.c      ENABLE = 0;
00000E 94??           00675         BCF     _PORTEbits, 2
000010 0000           00676         nop 
000012 0000           00677         nop 
000014 CFE4 FFD9      00678         MOVFF   PREINC1, FSR2L
000018 0012           00679         RETURN  
                      00680 
                      00681 ; ; Starting pCode block
                      00682 S_glcd__lcd_init        code
000000                00683 _lcd_init:
                      00684 ;       .line   15; glcd.c      void lcd_init(void) {
000000 CFD9 FFE5      00685         MOVFF   FSR2L, POSTDEC1
000004 CFE1 FFD9      00686         MOVFF   FSR1L, FSR2L
                      00687 ;       .line   16; glcd.c      LCD_TRIS = 0x00;
000008 6A??           00688         CLRF    _TRISD
gpasm-1.2.0 #980 (Oct 25 2013)       glcd.asm   12-10-2013  23:11:01        PAGE 14


LOC  OBJECT CODE     LINE SOURCE TEXT
  VALUE

                      00689 ;       .line   17; glcd.c      ENABLE_TRIS = 0;
00000A 94??           00690         BCF     _TRISEbits, 2
                      00691 ;       .line   18; glcd.c      RW_TRIS = 0;
00000C 92??           00692         BCF     _TRISEbits, 1
                      00693 ;       .line   19; glcd.c      DI_TRIS = 0;
00000E 90??           00694         BCF     _TRISEbits, 0
                      00695 ;       .line   20; glcd.c      RESET_TRIS = 0;
000010 9A??           00696         BCF     _TRISCbits, 5
                      00697 ;       .line   21; glcd.c      CS1_TRIS = 0;
000012 90??           00698         BCF     _TRISCbits, 0
                      00699 ;       .line   22; glcd.c      CS2_TRIS = 0;
000014 92??           00700         BCF     _TRISCbits, 1
                      00701 ;       .line   24; glcd.c      CS1 = 1;
000016 80??           00702         BSF     _PORTCbits, 0
                      00703 ;       .line   25; glcd.c      CS2 = 1;
000018 82??           00704         BSF     _PORTCbits, 1
                      00705 ;       .line   31; glcd.c      lcd_reset();
00001A EC?? F0??      00706         CALL    _lcd_reset
                      00707 ;       .line   32; glcd.c      lcd_screenon(1);
00001E 0E01           00708         MOVLW   0x01
000020 6EE5           00709         MOVWF   POSTDEC1
000022 EC?? F0??      00710         CALL    _lcd_screenon
000026 52E6           00711         MOVF    POSTINC1, F
                      00712 ;       .line   33; glcd.c      lcd_cls();
000028 EC?? F0??      00713         CALL    _lcd_cls
00002C CFE4 FFD9      00714         MOVFF   PREINC1, FSR2L
000030 0012           00715         RETURN  
                      00716 
                      00717 
                      00718 
                      00719 ; Statistics:
                      00720 ; code size:      846 (0x034e) bytes ( 0.65%)
                      00721 ;                 423 (0x01a7) words
                      00722 ; udata size:       1 (0x0001) bytes ( 0.03%)
                      00723 ; access size:      3 (0x0003) bytes
                      00724 
                      00725 
                      00726         end
gpasm-1.2.0 #980 (Oct 25 2013)       glcd.asm   12-10-2013  23:11:01        PAGE 15


SYMBOL TABLE
  LABEL                             VALUE

FSR1L                             00000FE1
FSR2L                             00000FD9
PLUSW2                            00000FDB
POSTDEC1                          00000FE5
POSTINC1                          00000FE6
PREINC1                           00000FE4
STATUS                            00000FD8
WREG                              00000FE8
_00120_DS_                        00000040
_00123_DS_                        00000064
_00145_DS_                        0000003E
_00146_DS_                        00000020
_00178_DS_                        0000000C
_00181_DS_                        0000001C
_00189_DS_                        00000016
_00200_DS_                        0000001A
_00201_DS_                        0000001C
_00203_DS_                        00000024
_00205_DS_                        00000026
_00225_DS_                        00000030
_00226_DS_                        0000003A
_00235_DS_                        00000084
_00236_DS_                        0000007E
_ADCON0                           00000000
_ADCON0bits                       00000000
_ADCON1                           00000000
_ADCON1bits                       00000000
_ADCON2                           00000000
_ADCON2bits                       00000000
_ADRES                            00000000
_ADRESH                           00000000
_ADRESL                           00000000
_BAUDCON                          00000000
_BAUDCONbits                      00000000
_BAUDCTL                          00000000
_BAUDCTLbits                      00000000
_BSR                              00000000
_CCP1CON                          00000000
_CCP1CONbits                      00000000
_CCP2CON                          00000000
_CCP2CONbits                      00000000
_CCPR1                            00000000
_CCPR1H                           00000000
_CCPR1L                           00000000
_CCPR2                            00000000
_CCPR2H                           00000000
_CCPR2L                           00000000
_CMCON                            00000000
_CMCONbits                        00000000
_CVRCON                           00000000
_CVRCONbits                       00000000
_DDRA                             00000000
_DDRAbits                         00000000
gpasm-1.2.0 #980 (Oct 25 2013)       glcd.asm   12-10-2013  23:11:01        PAGE 16


SYMBOL TABLE
  LABEL                             VALUE 

_DDRB                             00000000
_DDRBbits                         00000000
_DDRC                             00000000
_DDRCbits                         00000000
_DDRD                             00000000
_DDRDbits                         00000000
_DDRE                             00000000
_DDREbits                         00000000
_ECCP1AS                          00000000
_ECCP1ASbits                      00000000
_EEADR                            00000000
_EEADRH                           00000000
_EECON1                           00000000
_EECON1bits                       00000000
_EECON2                           00000000
_EEDATA                           00000000
_FSR0H                            00000000
_FSR0L                            00000000
_FSR1H                            00000000
_FSR1L                            00000000
_FSR2H                            00000000
_FSR2L                            00000000
_HLVDCON                          00000000
_HLVDCONbits                      00000000
_INDF0                            00000000
_INDF1                            00000000
_INDF2                            00000000
_INTCON                           00000000
_INTCON2                          00000000
_INTCON2bits                      00000000
_INTCON3                          00000000
_INTCON3bits                      00000000
_INTCONbits                       00000000
_IPR1                             00000000
_IPR1bits                         00000000
_IPR2                             00000000
_IPR2bits                         00000000
_LATA                             00000000
_LATAbits                         00000000
_LATB                             00000000
_LATBbits                         00000000
_LATC                             00000000
_LATCbits                         00000000
_LATD                             00000000
_LATDbits                         00000000
_LATE                             00000000
_LATEbits                         00000000
_LVDCON                           00000000
_LVDCONbits                       00000000
_OSCCON                           00000000
_OSCCONbits                       00000000
_OSCTUNE                          00000000
_OSCTUNEbits                      00000000
gpasm-1.2.0 #980 (Oct 25 2013)       glcd.asm   12-10-2013  23:11:01        PAGE 17


SYMBOL TABLE
  LABEL                             VALUE 

_PC                               00000000
_PCL                              00000000
_PCLATH                           00000000
_PCLATU                           00000000
_PIE1                             00000000
_PIE1bits                         00000000
_PIE2                             00000000
_PIE2bits                         00000000
_PIR1                             00000000
_PIR1bits                         00000000
_PIR2                             00000000
_PIR2bits                         00000000
_PLUSW0                           00000000
_PLUSW1                           00000000
_PLUSW2                           00000000
_PORTA                            00000000
_PORTAbits                        00000000
_PORTB                            00000000
_PORTBbits                        00000000
_PORTC                            00000000
_PORTCbits                        00000000
_PORTD                            00000000
_PORTDbits                        00000000
_PORTE                            00000000
_PORTEbits                        00000000
_POSTDEC0                         00000000
_POSTDEC1                         00000000
_POSTDEC2                         00000000
_POSTINC0                         00000000
_POSTINC1                         00000000
_POSTINC2                         00000000
_PR2                              00000000
_PREINC0                          00000000
_PREINC1                          00000000
_PREINC2                          00000000
_PROD                             00000000
_PRODH                            00000000
_PRODL                            00000000
_PWM1CON                          00000000
_PWM1CONbits                      00000000
_RCON                             00000000
_RCONbits                         00000000
_RCREG                            00000000
_RCSTA                            00000000
_RCSTAbits                        00000000
_SPBRG                            00000000
_SPBRGH                           00000000
_SSPADD                           00000000
_SSPBUF                           00000000
_SSPCON1                          00000000
_SSPCON1bits                      00000000
_SSPCON2                          00000000
_SSPCON2bits                      00000000
gpasm-1.2.0 #980 (Oct 25 2013)       glcd.asm   12-10-2013  23:11:01        PAGE 18


SYMBOL TABLE
  LABEL                             VALUE 

_SSPSTAT                          00000000
_SSPSTATbits                      00000000
_STATUS                           00000000
_STATUSbits                       00000000
_STKPTR                           00000000
_STKPTRbits                       00000000
_T0CON                            00000000
_T0CONbits                        00000000
_T1CON                            00000000
_T1CONbits                        00000000
_T2CON                            00000000
_T2CONbits                        00000000
_T3CON                            00000000
_T3CONbits                        00000000
_TABLAT                           00000000
_TBLPTR                           00000000
_TBLPTRH                          00000000
_TBLPTRL                          00000000
_TBLPTRU                          00000000
_TMR0                             00000000
_TMR0H                            00000000
_TMR0L                            00000000
_TMR1                             00000000
_TMR1H                            00000000
_TMR1L                            00000000
_TMR2                             00000000
_TMR3                             00000000
_TMR3H                            00000000
_TMR3L                            00000000
_TOS                              00000000
_TOSH                             00000000
_TOSL                             00000000
_TOSU                             00000000
_TRISA                            00000000
_TRISAbits                        00000000
_TRISB                            00000000
_TRISBbits                        00000000
_TRISC                            00000000
_TRISCbits                        00000000
_TRISD                            00000000
_TRISDbits                        00000000
_TRISE                            00000000
_TRISEbits                        00000000
_TXREG                            00000000
_TXSTA                            00000000
_TXSTAbits                        00000000
_WDTCON                           00000000
_WDTCONbits                       00000000
_WREG                             00000000
__18F4620                         00000001
_lcd_buffer                       00000000
_lcd_cls                          00000000
_lcd_enable                       00000000
gpasm-1.2.0 #980 (Oct 25 2013)       glcd.asm   12-10-2013  23:11:01        PAGE 19


SYMBOL TABLE
  LABEL                             VALUE 

_lcd_init                         00000000
_lcd_plot_pixel                   00000000
_lcd_read                         00000000
_lcd_reset                        00000000
_lcd_screenon                     00000000
_lcd_selectside                   00000000
_lcd_setpage                      00000000
_lcd_setyaddr                     00000000
_lcd_status                       00000000
_lcd_waitbusy                     00000000
_lcd_write                        00000000
_sleep_ms                         00000000
r0x00                             00000000
r0x01                             00000001
r0x02                             00000002

Errors   :     0
Warnings :     0 reported,     0 suppressed
Messages :     0 reported,     0 suppressed

